<?xml version="1.0" encoding="UTF-8"?>
<testsuite xmlns:xsi="http://www.w3.org/2001/XMLSchema-instance" xsi:noNamespaceSchemaLocation="https://maven.apache.org/surefire/maven-surefire-plugin/xsd/surefire-test-report-3.0.xsd" version="3.0" name="com.ultimaschool.java.clientes.ClienteBuilderTest" time="0.089" tests="16" errors="0" skipped="0" failures="1">
  <properties>
[...]
</properties>
  <testcase name="testSetNomesMeio" classname="com.ultimaschool.java.clientes.ClienteBuilderTest" time="0.02"/>
  <testcase name="testGetNomeCompleto" classname="com.ultimaschool.java.clientes.ClienteBuilderTest" time="0"/>
  <testcase name="testGetEmail" classname="com.ultimaschool.java.clientes.ClienteBuilderTest" time="0"/>
  <testcase name="testGetPrimeiroNome" classname="com.ultimaschool.java.clientes.ClienteBuilderTest" time="0.001"/>
  <testcase name="testSetNomeCompleto" classname="com.ultimaschool.java.clientes.ClienteBuilderTest" time="0.001"/>
  <testcase name="testGetSobrenome" classname="com.ultimaschool.java.clientes.ClienteBuilderTest" time="0.001"/>
  <testcase name="testSetPrimeiroNome" classname="com.ultimaschool.java.clientes.ClienteBuilderTest" time="0"/>
  <testcase name="testSetDataNascimento" classname="com.ultimaschool.java.clientes.ClienteBuilderTest" time="0.001"/>
  <testcase name="testToStringIdentificacao" classname="com.ultimaschool.java.clientes.ClienteBuilderTest" time="0.011"/>
  <testcase name="testGetIdadeAtual" classname="com.ultimaschool.java.clientes.ClienteBuilderTest" time="0.009">
    <failure message="expected: &lt;null&gt; but was: &lt;0&gt;" type="org.opentest4j.AssertionFailedError"><![CDATA[org.opentest4j.AssertionFailedError: expected: <null> but was: <0>
	at org.junit.jupiter.api.AssertionFailureBuilder.build(AssertionFailureBuilder.java:151)
	at org.junit.jupiter.api.AssertionFailureBuilder.buildAndThrow(AssertionFailureBuilder.java:132)
	at org.junit.jupiter.api.AssertNull.failNotNull(AssertNull.java:50)
	at org.junit.jupiter.api.AssertNull.assertNull(AssertNull.java:35)
	at org.junit.jupiter.api.AssertNull.assertNull(AssertNull.java:30)
	at org.junit.jupiter.api.Assertions.assertNull(Assertions.java:276)
	at com.ultimaschool.java.clientes.ClienteBuilderTest.testGetIdadeAtual(ClienteBuilderTest.java:104)
	at java.base/jdk.internal.reflect.NativeMethodAccessorImpl.invoke0(Native Method)
	at java.base/jdk.internal.reflect.NativeMethodAccessorImpl.invoke(NativeMethodAccessorImpl.java:77)
	at java.base/jdk.internal.reflect.DelegatingMethodAccessorImpl.invoke(DelegatingMethodAccessorImpl.java:43)
	at java.base/java.lang.reflect.Method.invoke(Method.java:568)
	at junit.framework.TestCase.runTest(TestCase.java:177)
	at junit.framework.TestCase.runBare(TestCase.java:142)
	at junit.framework.TestResult$1.protect(TestResult.java:122)
	at junit.framework.TestResult.runProtected(TestResult.java:142)
	at junit.framework.TestResult.run(TestResult.java:125)
	at junit.framework.TestCase.run(TestCase.java:130)
	at junit.framework.TestSuite.runTest(TestSuite.java:241)
	at junit.framework.TestSuite.run(TestSuite.java:236)
	at org.junit.internal.runners.JUnit38ClassRunner.run(JUnit38ClassRunner.java:90)
	at org.apache.maven.surefire.junit4.JUnit4Provider.execute(JUnit4Provider.java:377)
	at org.apache.maven.surefire.junit4.JUnit4Provider.executeWithRerun(JUnit4Provider.java:284)
	at org.apache.maven.surefire.junit4.JUnit4Provider.executeTestSet(JUnit4Provider.java:248)
	at org.apache.maven.surefire.junit4.JUnit4Provider.invoke(JUnit4Provider.java:167)
	at org.apache.maven.surefire.booter.ForkedBooter.runSuitesInProcess(ForkedBooter.java:456)
	at org.apache.maven.surefire.booter.ForkedBooter.execute(ForkedBooter.java:169)
	at org.apache.maven.surefire.booter.ForkedBooter.run(ForkedBooter.java:595)
	at org.apache.maven.surefire.booter.ForkedBooter.main(ForkedBooter.java:581)
]]></failure>
  </testcase>
  <testcase name="testGetNomesMeio" classname="com.ultimaschool.java.clientes.ClienteBuilderTest" time="0"/>
  <testcase name="testSetSobrenome" classname="com.ultimaschool.java.clientes.ClienteBuilderTest" time="0.001"/>
  <testcase name="testGetCpf" classname="com.ultimaschool.java.clientes.ClienteBuilderTest" time="0"/>
  <testcase name="testGetDataNascimento" classname="com.ultimaschool.java.clientes.ClienteBuilderTest" time="0.001"/>
  <testcase name="testSetCpf" classname="com.ultimaschool.java.clientes.ClienteBuilderTest" time="0"/>
  <testcase name="testSetEmail" classname="com.ultimaschool.java.clientes.ClienteBuilderTest" time="0.001"/>
</testsuite>