<?xml version="1.0" encoding="UTF-8"?>
<testsuite xmlns:xsi="http://www.w3.org/2001/XMLSchema-instance" xsi:noNamespaceSchemaLocation="https://maven.apache.org/surefire/maven-surefire-plugin/xsd/surefire-test-report-3.0.xsd" version="3.0" name="com.ultimaschool.java.clientes.ClienteBuilderTest" time="0.056" tests="5" errors="0" skipped="0" failures="0">
  <properties>
[...]
</properties>
  <testcase name="testGetNomeCompleto" classname="com.ultimaschool.java.clientes.ClienteBuilderTest" time="0.017"/>
  <testcase name="testSetNomeCompleto" classname="com.ultimaschool.java.clientes.ClienteBuilderTest" time="0"/>
  <testcase name="testToStringIdentificacao" classname="com.ultimaschool.java.clientes.ClienteBuilderTest" time="0.009"/>
  <testcase name="testGetCpf" classname="com.ultimaschool.java.clientes.ClienteBuilderTest" time="0"/>
  <testcase name="testSetCpf" classname="com.ultimaschool.java.clientes.ClienteBuilderTest" time="0.001"/>
</testsuite>